[handleMsg]:  {
  key: {
    remoteJid: '5214761811897@s.whatsapp.net',
    fromMe: false,
    id: '3F9CDA5C0B5AB3D02B99',
    participant: undefined
  },
  messageTimestamp: 1750085352,
  pushName: 'Benyi',
  broadcast: false,
  message: Message {
    extendedTextMessage: ExtendedTextMessage { text: 'hola', contextInfo: [ContextInfo] },
    messageContextInfo: MessageContextInfo {
      deviceListMetadata: [DeviceListMetadata],
      deviceListMetadataVersion: 2
    }
  },
  body: 'hola',
  from: '5214761811897'
}
[QUEUE_SE_ENVIO]:  {
  ref: 'ans_1c6643db-234c-4b52-800f-1da2b3dfce4c',
  keyword: 'key_710a6e2e-822e-436f-8f6a-1213531f53af',
  answer: '¡Hola! 👋 Soy tu Asistente de IA de la UTL, listo para ayudarte. ¿En qué puedo apoyarte hoy? 🤖✨',
  options: {
    media: null,
    buttons: [],
    capture: true,
    child: null,
    delay: 0,
    idle: null,
    ref: null,
    nested: [],
    keyword: {},
    callback: true
  },
  refSerialize: '3a30ef4b77f07d307f12445fb71222e5'
}
[handleMsg]:  {
  key: {
    remoteJid: '5214761811897@s.whatsapp.net',
    fromMe: false,
    id: '3FA77217EB104A9CF98E',
    participant: undefined
  },
  messageTimestamp: 1750085354,
  pushName: 'Benyi',
  broadcast: false,
  message: Message {
    extendedTextMessage: ExtendedTextMessage {
      text: 'carreras',
      contextInfo: [ContextInfo]
    },
    messageContextInfo: MessageContextInfo {
      deviceListMetadata: [DeviceListMetadata],
      deviceListMetadataVersion: 2
    }
  },
  body: 'carreras',
  from: '5214761811897'
}
[handleMsg]:  {
  key: {
    remoteJid: '5214761811897@s.whatsapp.net',
    fromMe: false,
    id: '3FF4BCA6EAD63FAD5AA6',
    participant: undefined
  },
  messageTimestamp: 1750085364,
  pushName: 'Benyi',
  broadcast: false,
  message: Message {
    extendedTextMessage: ExtendedTextMessage { text: 'no', contextInfo: [ContextInfo] },
    messageContextInfo: MessageContextInfo {
      deviceListMetadata: [DeviceListMetadata],
      deviceListMetadataVersion: 2
    }
  },
  body: 'no',
  from: '5214761811897'
}
[handleMsg]:  {
  key: {
    remoteJid: '5214761811897@s.whatsapp.net',
    fromMe: false,
    id: '3F8133025A1A6BA87339',
    participant: undefined
  },
  messageTimestamp: 1750085372,
  pushName: 'Benyi',
  broadcast: false,
  message: Message {
    extendedTextMessage: ExtendedTextMessage { text: 'hola', contextInfo: [ContextInfo] },
    messageContextInfo: MessageContextInfo {
      deviceListMetadata: [DeviceListMetadata],
      deviceListMetadataVersion: 2
    }
  },
  body: 'hola',
  from: '5214761811897'
}
[QUEUE_SE_ENVIO]:  {
  ref: 'ans_1c6643db-234c-4b52-800f-1da2b3dfce4c',
  keyword: 'key_710a6e2e-822e-436f-8f6a-1213531f53af',
  answer: '¡Hola! 👋 Soy tu Asistente de IA de la UTL, listo para ayudarte. ¿En qué puedo apoyarte hoy? 🤖✨',
  options: {
    media: null,
    buttons: [],
    capture: true,
    child: null,
    delay: 0,
    idle: null,
    ref: null,
    nested: [],
    keyword: {},
    callback: true
  },
  refSerialize: '3a30ef4b77f07d307f12445fb71222e5'
}
